#
# A fatal error has been detected by the Java Runtime Environment:
#
#  EXCEPTION_ACCESS_VIOLATION (0xc0000005) at pc=0x000000006135888b, pid=16704, tid=0x0000000000003eec
#
# JRE version: Java(TM) SE Runtime Environment (8.0_161-b12) (build 1.8.0_161-b12)
# Java VM: Java HotSpot(TM) 64-Bit Server VM (25.161-b12 mixed mode windows-amd64 compressed oops)
# Problematic frame:
# V  [jvm.dll+0x2d888b]
#
# Failed to write core dump. Minidumps are not enabled by default on client versions of Windows
#
# If you would like to submit a bug report, please visit:
#   http://bugreport.java.com/bugreport/crash.jsp
#

---------------  T H R E A D  ---------------

Current thread (0x00000000185f1000):  JavaThread "FileSystemWatcher: files=#138 cl=sun.misc.Launcher$AppClassLoader@18b4aac2" daemon [_thread_in_vm, id=16108, stack(0x0000000018e40000,0x0000000018f40000)]

siginfo: ExceptionCode=0xc0000005, reading address 0x0000000000000008

Registers:
RAX=0x00000000049b5720, RBX=0x0000000018f3cf80, RCX=0x0000000018f3cf80, RDX=0x000000000474a150
RSP=0x0000000018f3ce50, RBP=0x0000000018f3cf80, RSI=0x000000001839d070, RDI=0x0000000004d4d750
R8 =0x0000000000000000, R9 =0x000000001839d070, R10=0x00000000f3367dd8, R11=0x000000000000000c
R12=0x0000000000000000, R13=0x000000001855ea40, R14=0x0000000000000000, R15=0x00000000182a4940
RIP=0x000000006135888b, EFLAGS=0x0000000000010246

Top of Stack: (sp=0x0000000018f3ce50)
0x0000000018f3ce50:   0000000002a16ec8 0000000018f3cf80
0x0000000018f3ce60:   0000000004995623 000000001855ea40
0x0000000018f3ce70:   0000000000000000 00000000610f0be0
0x0000000018f3ce80:   00000000f3367c78 0000000000000010
0x0000000018f3ce90:   0000000018f3cf80 00000000185f1000
0x0000000018f3cea0:   0000000018010101 0000000004d4d750
0x0000000018f3ceb0:   0000000100000400 00000000182a4d28
0x0000000018f3cec0:   00000000000003d8 00000000182a4a00
0x0000000018f3ced0:   0000000018f3e8d0 000000001839d070
0x0000000018f3cee0:   0000000000000000 0000000000000000
0x0000000018f3cef0:   0000000000000000 0000000018f3e8d0
0x0000000018f3cf00:   00000000185f1000 0000000004d4daa0
0x0000000018f3cf10:   000000000000000b 0000000004d4d750
0x0000000018f3cf20:   0000000000000000 0000000018f3d610
0x0000000018f3cf30:   00000000183e6340 00000000f3367c78
0x0000000018f3cf40:   00000000f3367cf8 00000000f3367d48 

Instructions: (pc=0x000000006135888b)
0x000000006135886b:   c3 48 83 79 10 00 74 11 48 8b d3 e8 75 fc ff ff
0x000000006135887b:   48 8b c3 48 83 c4 20 5b c3 4c 8b 41 20 48 8b cb
0x000000006135888b:   4d 8b 48 08 49 8d 50 10 4d 8b 00 e8 d5 3c d4 ff
0x000000006135889b:   48 8b c3 48 83 c4 20 5b c3 cc cc cc cc cc cc cc 


Register to memory mapping:

RAX=0x00000000049b5720 is an unknown value
RBX=0x0000000018f3cf80 is pointing into the stack for thread: 0x00000000185f1000
RCX=0x0000000018f3cf80 is pointing into the stack for thread: 0x00000000185f1000
RDX=0x000000000474a150 is an unknown value
RSP=0x0000000018f3ce50 is pointing into the stack for thread: 0x00000000185f1000
RBP=0x0000000018f3cf80 is pointing into the stack for thread: 0x00000000185f1000
RSI=0x000000001839d070 is an unknown value
RDI=0x0000000004d4d750 is at entry_point+-368 in (nmethod*)0x0000000004d4d750
R8 =0x0000000000000000 is an unknown value
R9 =0x000000001839d070 is an unknown value
R10=0x00000000f3367dd8 is an oop
[Ljava.lang.Object; 
 - klass: 'java/lang/Object'[]
 - length: 32
R11=0x000000000000000c is an unknown value
R12=0x0000000000000000 is an unknown value
R13=0x000000001855ea40 is an unknown value
R14=0x0000000000000000 is an unknown value
R15=0x00000000182a4940 is an unknown value


Stack: [0x0000000018e40000,0x0000000018f40000],  sp=0x0000000018f3ce50,  free space=1011k
Native frames: (J=compiled Java code, j=interpreted, Vv=VM code, C=native code)
V  [jvm.dll+0x2d888b]
V  [jvm.dll+0x70be0]
V  [jvm.dll+0x70ef4]
V  [jvm.dll+0x186d69]
C  [java.dll+0x87ca]
C  0x0000000004c64075

Java frames: (J=compiled Java code, j=interpreted, Vv=VM code)
J 426  java.lang.Throwable.fillInStackTrace(I)Ljava/lang/Throwable; (0 bytes) @ 0x0000000004c63ffb [0x0000000004c63fc0+0x3b]
J 425 C1 java.lang.Throwable.fillInStackTrace()Ljava/lang/Throwable; (29 bytes) @ 0x0000000004c64724 [0x0000000004c64600+0x124]
J 932 C1 java.lang.Throwable.<init>(Ljava/lang/String;)V (34 bytes) @ 0x0000000004d4d964 [0x0000000004d4d8c0+0xa4]
j  java.lang.Error.<init>(Ljava/lang/String;)V+2
j  java.lang.LinkageError.<init>(Ljava/lang/String;)V+2
j  java.lang.IncompatibleClassChangeError.<init>(Ljava/lang/String;)V+2
j  java.lang.NoSuchMethodError.<init>(Ljava/lang/String;)V+2
v  ~StubRoutines::call_stub
j  inventario.PersonaService$$EQxaOsH0.___clinit___()V+16
C  0x00000000d545b1a0
V  [jvm.dll+0x214d93]
C  0x000000001839d070

[error occurred during error reporting (printing Java stack), id 0xc0000005]


---------------  P R O C E S S  ---------------

Java Threads: ( => current thread )
  0x000000001bd68800 JavaThread "MySQL Statement Cancellation Timer" daemon [_thread_blocked, id=23036, stack(0x0000000022350000,0x0000000022450000)]
  0x000000001bd5b800 JavaThread "MySQL Statement Cancellation Timer" daemon [_thread_blocked, id=22860, stack(0x0000000022250000,0x0000000022350000)]
  0x000000001bd62800 JavaThread "MySQL Statement Cancellation Timer" daemon [_thread_blocked, id=15564, stack(0x0000000022150000,0x0000000022250000)]
  0x000000001bd61800 JavaThread "MySQL Statement Cancellation Timer" daemon [_thread_blocked, id=14684, stack(0x0000000022050000,0x0000000022150000)]
  0x000000001bd61000 JavaThread "mssql-jdbc-TimeoutTimer-1" daemon [_thread_blocked, id=16104, stack(0x0000000021f50000,0x0000000022050000)]
  0x000000001bd5b000 JavaThread "MySQL Statement Cancellation Timer" daemon [_thread_blocked, id=15392, stack(0x0000000021e50000,0x0000000021f50000)]
  0x000000001bd60000 JavaThread "Thread-9" daemon [_thread_in_native, id=8544, stack(0x0000000020b80000,0x0000000020c80000)]
  0x000000001bd5e800 JavaThread "DestroyJavaVM" [_thread_blocked, id=7200, stack(0x0000000004580000,0x0000000004680000)]
  0x000000001bd5e000 JavaThread "Thread-6" daemon [_thread_blocked, id=19100, stack(0x0000000020680000,0x0000000020780000)]
  0x000000001bd5d000 JavaThread "Thread-8" [_thread_blocked, id=12732, stack(0x0000000020580000,0x0000000020680000)]
  0x000000001bd59800 JavaThread "Thread-7" daemon [_thread_in_native, id=15852, stack(0x0000000020480000,0x0000000020580000)]
  0x000000001bd5a000 JavaThread "http-nio-8080-AsyncTimeout" daemon [_thread_blocked, id=20584, stack(0x0000000020380000,0x0000000020480000)]
  0x000000001bd5f800 JavaThread "http-nio-8080-Acceptor-0" daemon [_thread_in_native, id=20040, stack(0x0000000020280000,0x0000000020380000)]
  0x000000001c0df800 JavaThread "http-nio-8080-ClientPoller-1" daemon [_thread_in_native, id=7292, stack(0x0000000020180000,0x0000000020280000)]
  0x000000001c0e2000 JavaThread "http-nio-8080-ClientPoller-0" daemon [_thread_in_native, id=14184, stack(0x0000000020080000,0x0000000020180000)]
  0x000000001c0dc800 JavaThread "http-nio-8080-exec-10" daemon [_thread_blocked, id=18656, stack(0x000000001ff80000,0x0000000020080000)]
  0x000000001c0e0800 JavaThread "http-nio-8080-exec-9" daemon [_thread_blocked, id=8016, stack(0x000000001fe80000,0x000000001ff80000)]
  0x000000001c0dc000 JavaThread "http-nio-8080-exec-8" daemon [_thread_blocked, id=21500, stack(0x000000001fd80000,0x000000001fe80000)]
  0x000000001c0df000 JavaThread "http-nio-8080-exec-7" daemon [_thread_blocked, id=23592, stack(0x000000001fc80000,0x000000001fd80000)]
  0x000000001c0de000 JavaThread "http-nio-8080-exec-6" daemon [_thread_blocked, id=17056, stack(0x000000001fb80000,0x000000001fc80000)]
  0x000000001c0e2800 JavaThread "http-nio-8080-exec-5" daemon [_thread_blocked, id=10440, stack(0x000000001fa80000,0x000000001fb80000)]
  0x000000001c0e1000 JavaThread "http-nio-8080-exec-4" daemon [_thread_blocked, id=13692, stack(0x000000001f980000,0x000000001fa80000)]
  0x000000001c0dd800 JavaThread "http-nio-8080-exec-3" daemon [_thread_blocked, id=21428, stack(0x000000001f880000,0x000000001f980000)]
  0x000000001c070800 JavaThread "http-nio-8080-exec-2" daemon [_thread_blocked, id=11268, stack(0x000000001f780000,0x000000001f880000)]
  0x000000001853e800 JavaThread "http-nio-8080-exec-1" daemon [_thread_blocked, id=4032, stack(0x000000001f680000,0x000000001f780000)]
  0x000000001853e000 JavaThread "NioBlockingSelector.BlockPoller-1" daemon [_thread_in_native, id=1612, stack(0x000000001f580000,0x000000001f680000)]
  0x000000001c0c6000 JavaThread "container-0" [_thread_blocked, id=18500, stack(0x000000001f080000,0x000000001f180000)]
  0x000000001c0c1800 JavaThread "ContainerBackgroundProcessor[StandardEngine[Tomcat]]" daemon [_thread_blocked, id=3568, stack(0x000000001ef80000,0x000000001f080000)]
  0x000000001b9ee000 JavaThread "Abandoned connection cleanup thread" daemon [_thread_blocked, id=16568, stack(0x000000001d580000,0x000000001d680000)]
  0x000000001b9ec800 JavaThread "Tomcat JDBC Pool Cleaner[414493378:1531395766004]" daemon [_thread_blocked, id=18936, stack(0x000000001d480000,0x000000001d580000)]
=>0x00000000185f1000 JavaThread "FileSystemWatcher: files=#138 cl=sun.misc.Launcher$AppClassLoader@18b4aac2" daemon [_thread_in_vm, id=16108, stack(0x0000000018e40000,0x0000000018f40000)]
  0x0000000018456800 JavaThread "Service Thread" daemon [_thread_blocked, id=20904, stack(0x0000000018c40000,0x0000000018d40000)]
  0x0000000018396000 JavaThread "C1 CompilerThread2" daemon [_thread_blocked, id=6872, stack(0x0000000018b40000,0x0000000018c40000)]
  0x0000000018395800 JavaThread "C2 CompilerThread1" daemon [_thread_blocked, id=23428, stack(0x0000000018a40000,0x0000000018b40000)]
  0x00000000182d3000 JavaThread "C2 CompilerThread0" daemon [_thread_blocked, id=11360, stack(0x0000000018940000,0x0000000018a40000)]
  0x00000000166ee800 JavaThread "Attach Listener" daemon [_thread_blocked, id=9320, stack(0x0000000017c40000,0x0000000017d40000)]
  0x00000000166ed800 JavaThread "Signal Dispatcher" daemon [_thread_blocked, id=21312, stack(0x0000000017b40000,0x0000000017c40000)]
  0x00000000166d6000 JavaThread "Finalizer" daemon [_thread_blocked, id=21268, stack(0x0000000017930000,0x0000000017a30000)]
  0x00000000166a9800 JavaThread "Reference Handler" daemon [_thread_blocked, id=10144, stack(0x0000000017830000,0x0000000017930000)]

Other Threads:
  0x000000000481d800 VMThread [stack: 0x0000000017730000,0x0000000017830000] [id=19800]
  0x000000001839e800 WatcherThread [stack: 0x0000000018d40000,0x0000000018e40000] [id=18552]

VM state:not at safepoint (normal execution)

VM Mutex/Monitor currently owned by a thread: None

Heap:
 PSYoungGen      total 182784K, used 131973K [0x00000000f0000000, 0x0000000100000000, 0x0000000100000000)
  eden space 103424K, 50% used [0x00000000f0000000,0x00000000f3368678,0x00000000f6500000)
  from space 79360K, 99% used [0x00000000f6500000,0x00000000fb279110,0x00000000fb280000)
  to   space 79360K, 0% used [0x00000000fb280000,0x00000000fb280000,0x0000000100000000)
 ParOldGen       total 524288K, used 125904K [0x00000000d0000000, 0x00000000f0000000, 0x00000000f0000000)
  object space 524288K, 24% used [0x00000000d0000000,0x00000000d7af4160,0x00000000f0000000)
 Metaspace       used 82487K, capacity 85538K, committed 85800K, reserved 1124352K
  class space    used 9828K, capacity 10739K, committed 10800K, reserved 1048576K

Card table byte_map: [0x0000000013d30000,0x0000000013ec0000] byte_map_base: 0x00000000136b0000

Marking Bits: (ParMarkBitMap*) 0x000000006189f860
 Begin Bits: [0x00000000143c0000, 0x0000000014fc0000)
 End Bits:   [0x0000000014fc0000, 0x0000000015bc0000)

Polling page: 0x0000000004510000

CodeCache: size=245760Kb used=22433Kb max_used=22433Kb free=223326Kb
 bounds [0x0000000004970000, 0x0000000005f60000, 0x0000000013970000]
 total_blobs=11057 nmethods=10199 adapters=768
 compilation: enabled

Compilation events (10 events):
Event: 82.541 Thread 0x0000000018396000 10386       1       sl.org.objectweb.asm.tree.InsnNode::<init> (6 bytes)
Event: 82.541 Thread 0x0000000018396000 nmethod 10386 0x0000000005f5ab50 code [0x0000000005f5aca0, 0x0000000005f5adb0]
Event: 82.541 Thread 0x0000000018396000 10387       1       sl.org.objectweb.asm.tree.VarInsnNode::getType (2 bytes)
Event: 82.541 Thread 0x0000000018396000 nmethod 10387 0x0000000005f5ae50 code [0x0000000005f5afa0, 0x0000000005f5b0b0]
Event: 82.541 Thread 0x0000000018396000 10388       1       sl.org.objectweb.asm.tree.AbstractInsnNode::getOpcode (5 bytes)
Event: 82.541 Thread 0x0000000018396000 nmethod 10388 0x0000000005f5b110 code [0x0000000005f5b260, 0x0000000005f5b370]
Event: 82.548 Thread 0x0000000018396000 10389       1       org.springsource.loaded.MethodMember::equals (168 bytes)
Event: 82.549 Thread 0x0000000018396000 nmethod 10389 0x0000000005f5b3d0 code [0x0000000005f5b580, 0x0000000005f5b978]
Event: 82.550 Thread 0x0000000018396000 10390       1       org.springframework.util.ConcurrentReferenceHashMap::access$600 (5 bytes)
Event: 82.550 Thread 0x0000000018396000 nmethod 10390 0x0000000005f5bc50 code [0x0000000005f5bda0, 0x0000000005f5be90]

GC Heap History (10 events):
Event: 27.950 GC heap before
{Heap before GC invocations=38 (full 3):
 PSYoungGen      total 189440K, used 174645K [0x00000000f0000000, 0x0000000100000000, 0x0000000100000000)
  eden space 124928K, 100% used [0x00000000f0000000,0x00000000f7a00000,0x00000000f7a00000)
  from space 64512K, 77% used [0x00000000fc100000,0x00000000ff18d4f0,0x0000000100000000)
  to   space 68608K, 0% used [0x00000000f7a00000,0x00000000f7a00000,0x00000000fbd00000)
 ParOldGen       total 524288K, used 113201K [0x00000000d0000000, 0x00000000f0000000, 0x00000000f0000000)
  object space 524288K, 21% used [0x00000000d0000000,0x00000000d6e8c4c0,0x00000000f0000000)
 Metaspace       used 80174K, capacity 82690K, committed 82856K, reserved 1122304K
  class space    used 9499K, capacity 10307K, committed 10416K, reserved 1048576K
Event: 27.979 GC heap after
Heap after GC invocations=38 (full 3):
 PSYoungGen      total 174080K, used 48969K [0x00000000f0000000, 0x0000000100000000, 0x0000000100000000)
  eden space 124928K, 0% used [0x00000000f0000000,0x00000000f0000000,0x00000000f7a00000)
  from space 49152K, 99% used [0x00000000f7a00000,0x00000000fa9d25b8,0x00000000faa00000)
  to   space 71680K, 0% used [0x00000000fba00000,0x00000000fba00000,0x0000000100000000)
 ParOldGen       total 524288K, used 118166K [0x00000000d0000000, 0x00000000f0000000, 0x00000000f0000000)
  object space 524288K, 22% used [0x00000000d0000000,0x00000000d7365bb8,0x00000000f0000000)
 Metaspace       used 80174K, capacity 82690K, committed 82856K, reserved 1122304K
  class space    used 9499K, capacity 10307K, committed 10416K, reserved 1048576K
}
Event: 28.509 GC heap before
{Heap before GC invocations=39 (full 3):
 PSYoungGen      total 174080K, used 173897K [0x00000000f0000000, 0x0000000100000000, 0x0000000100000000)
  eden space 124928K, 100% used [0x00000000f0000000,0x00000000f7a00000,0x00000000f7a00000)
  from space 49152K, 99% used [0x00000000f7a00000,0x00000000fa9d25b8,0x00000000faa00000)
  to   space 71680K, 0% used [0x00000000fba00000,0x00000000fba00000,0x0000000100000000)
 ParOldGen       total 524288K, used 118166K [0x00000000d0000000, 0x00000000f0000000, 0x00000000f0000000)
  object space 524288K, 22% used [0x00000000d0000000,0x00000000d7365bb8,0x00000000f0000000)
 Metaspace       used 80755K, capacity 83676K, committed 83752K, reserved 1122304K
  class space    used 9636K, capacity 10534K, committed 10544K, reserved 1048576K
Event: 28.537 GC heap after
Heap after GC invocations=39 (full 3):
 PSYoungGen      total 183296K, used 51884K [0x00000000f0000000, 0x0000000100000000, 0x0000000100000000)
  eden space 111616K, 0% used [0x00000000f0000000,0x00000000f0000000,0x00000000f6d00000)
  from space 71680K, 72% used [0x00000000fba00000,0x00000000fecab0e0,0x0000000100000000)
  to   space 75264K, 0% used [0x00000000f6d00000,0x00000000f6d00000,0x00000000fb680000)
 ParOldGen       total 524288K, used 118174K [0x00000000d0000000, 0x00000000f0000000, 0x00000000f0000000)
  object space 524288K, 22% used [0x00000000d0000000,0x00000000d7367bb8,0x00000000f0000000)
 Metaspace       used 80755K, capacity 83676K, committed 83752K, reserved 1122304K
  class space    used 9636K, capacity 10534K, committed 10544K, reserved 1048576K
}
Event: 31.533 GC heap before
{Heap before GC invocations=40 (full 3):
 PSYoungGen      total 183296K, used 163393K [0x00000000f0000000, 0x0000000100000000, 0x0000000100000000)
  eden space 111616K, 99% used [0x00000000f0000000,0x00000000f6ce53d0,0x00000000f6d00000)
  from space 71680K, 72% used [0x00000000fba00000,0x00000000fecab0e0,0x0000000100000000)
  to   space 75264K, 0% used [0x00000000f6d00000,0x00000000f6d00000,0x00000000fb680000)
 ParOldGen       total 524288K, used 118174K [0x00000000d0000000, 0x00000000f0000000, 0x00000000f0000000)
  object space 524288K, 22% used [0x00000000d0000000,0x00000000d7367bb8,0x00000000f0000000)
 Metaspace       used 81061K, capacity 83974K, committed 84008K, reserved 1122304K
  class space    used 9642K, capacity 10540K, committed 10544K, reserved 1048576K
Event: 31.566 GC heap after
Heap after GC invocations=40 (full 3):
 PSYoungGen      total 160256K, used 48578K [0x00000000f0000000, 0x0000000100000000, 0x0000000100000000)
  eden space 111616K, 0% used [0x00000000f0000000,0x00000000f0000000,0x00000000f6d00000)
  from space 48640K, 99% used [0x00000000f6d00000,0x00000000f9c709c8,0x00000000f9c80000)
  to   space 76288K, 0% used [0x00000000fb580000,0x00000000fb580000,0x0000000100000000)
 ParOldGen       total 524288K, used 123841K [0x00000000d0000000, 0x00000000f0000000, 0x00000000f0000000)
  object space 524288K, 23% used [0x00000000d0000000,0x00000000d78f07e8,0x00000000f0000000)
 Metaspace       used 81061K, capacity 83974K, committed 84008K, reserved 1122304K
  class space    used 9642K, capacity 10540K, committed 10544K, reserved 1048576K
}
Event: 81.045 GC heap before
{Heap before GC invocations=41 (full 3):
 PSYoungGen      total 160256K, used 160194K [0x00000000f0000000, 0x0000000100000000, 0x0000000100000000)
  eden space 111616K, 100% used [0x00000000f0000000,0x00000000f6d00000,0x00000000f6d00000)
  from space 48640K, 99% used [0x00000000f6d00000,0x00000000f9c709c8,0x00000000f9c80000)
  to   space 76288K, 0% used [0x00000000fb580000,0x00000000fb580000,0x0000000100000000)
 ParOldGen       total 524288K, used 123841K [0x00000000d0000000, 0x00000000f0000000, 0x00000000f0000000)
  object space 524288K, 23% used [0x00000000d0000000,0x00000000d78f07e8,0x00000000f0000000)
 Metaspace       used 81331K, capacity 84290K, committed 84392K, reserved 1122304K
  class space    used 9685K, capacity 10614K, committed 10672K, reserved 1048576K
Event: 81.074 GC heap after
Heap after GC invocations=41 (full 3):
 PSYoungGen      total 179712K, used 54515K [0x00000000f0000000, 0x0000000100000000, 0x0000000100000000)
  eden space 103424K, 0% used [0x00000000f0000000,0x00000000f0000000,0x00000000f6500000)
  from space 76288K, 71% used [0x00000000fb580000,0x00000000feabccc8,0x0000000100000000)
  to   space 79360K, 0% used [0x00000000f6500000,0x00000000f6500000,0x00000000fb280000)
 ParOldGen       total 524288K, used 123849K [0x00000000d0000000, 0x00000000f0000000, 0x00000000f0000000)
  object space 524288K, 23% used [0x00000000d0000000,0x00000000d78f27e8,0x00000000f0000000)
 Metaspace       used 81331K, capacity 84290K, committed 84392K, reserved 1122304K
  class space    used 9685K, capacity 10614K, committed 10672K, reserved 1048576K
}
Event: 81.375 GC heap before
{Heap before GC invocations=42 (full 3):
 PSYoungGen      total 179712K, used 157392K [0x00000000f0000000, 0x0000000100000000, 0x0000000100000000)
  eden space 103424K, 99% used [0x00000000f0000000,0x00000000f6477380,0x00000000f6500000)
  from space 76288K, 71% used [0x00000000fb580000,0x00000000feabccc8,0x0000000100000000)
  to   space 79360K, 0% used [0x00000000f6500000,0x00000000f6500000,0x00000000fb280000)
 ParOldGen       total 524288K, used 123849K [0x00000000d0000000, 0x00000000f0000000, 0x00000000f0000000)
  object space 524288K, 23% used [0x00000000d0000000,0x00000000d78f27e8,0x00000000f0000000)
 Metaspace       used 81967K, capacity 84938K, committed 85288K, reserved 1124352K
  class space    used 9765K, capacity 10690K, committed 10800K, reserved 1048576K
Event: 81.410 GC heap after
Heap after GC invocations=42 (full 3):
 PSYoungGen      total 182784K, used 79332K [0x00000000f0000000, 0x0000000100000000, 0x0000000100000000)
  eden space 103424K, 0% used [0x00000000f0000000,0x00000000f0000000,0x00000000f6500000)
  from space 79360K, 99% used [0x00000000f6500000,0x00000000fb279110,0x00000000fb280000)
  to   space 79360K, 0% used [0x00000000fb280000,0x00000000fb280000,0x0000000100000000)
 ParOldGen       total 524288K, used 125904K [0x00000000d0000000, 0x00000000f0000000, 0x00000000f0000000)
  object space 524288K, 24% used [0x00000000d0000000,0x00000000d7af4160,0x00000000f0000000)
 Metaspace       used 81967K, capacity 84938K, committed 85288K, reserved 1124352K
  class space    used 9765K, capacity 10690K, committed 10800K, reserved 1048576K
}

Deoptimization events (0 events):
No events

Classes redefined (0 events):
No events

Internal exceptions (10 events):
Event: 81.453 Thread 0x000000001bd5d000 Exception <a 'java/lang/ArrayIndexOutOfBoundsException'> (0x00000000f0aeb798) thrown at [C:\re\workspace\8-2-build-windows-amd64-cygwin\jdk8u161\10277\hotspot\src\share\vm\runtime\sharedRuntime.cpp, line 605]
Event: 81.453 Thread 0x000000001bd5d000 Exception <a 'java/lang/ArrayIndexOutOfBoundsException'> (0x00000000f0aefca8) thrown at [C:\re\workspace\8-2-build-windows-amd64-cygwin\jdk8u161\10277\hotspot\src\share\vm\runtime\sharedRuntime.cpp, line 605]
Event: 81.453 Thread 0x000000001bd5d000 Exception <a 'java/lang/ArrayIndexOutOfBoundsException'> (0x00000000f0af0f98) thrown at [C:\re\workspace\8-2-build-windows-amd64-cygwin\jdk8u161\10277\hotspot\src\share\vm\runtime\sharedRuntime.cpp, line 605]
Event: 81.453 Thread 0x000000001bd5d000 Exception <a 'java/lang/ArrayIndexOutOfBoundsException'> (0x00000000f0af2040) thrown at [C:\re\workspace\8-2-build-windows-amd64-cygwin\jdk8u161\10277\hotspot\src\share\vm\runtime\sharedRuntime.cpp, line 605]
Event: 81.453 Thread 0x000000001bd5d000 Exception <a 'java/lang/ArrayIndexOutOfBoundsException'> (0x00000000f0af3cf8) thrown at [C:\re\workspace\8-2-build-windows-amd64-cygwin\jdk8u161\10277\hotspot\src\share\vm\runtime\sharedRuntime.cpp, line 605]
Event: 81.453 Thread 0x000000001bd5d000 Exception <a 'java/lang/ArrayIndexOutOfBoundsException'> (0x00000000f0af5c90) thrown at [C:\re\workspace\8-2-build-windows-amd64-cygwin\jdk8u161\10277\hotspot\src\share\vm\runtime\sharedRuntime.cpp, line 605]
Event: 81.453 Thread 0x000000001bd5d000 Exception <a 'java/lang/ArrayIndexOutOfBoundsException'> (0x00000000f0af73a8) thrown at [C:\re\workspace\8-2-build-windows-amd64-cygwin\jdk8u161\10277\hotspot\src\share\vm\runtime\sharedRuntime.cpp, line 605]
Event: 81.453 Thread 0x000000001bd5d000 Exception <a 'java/lang/ArrayIndexOutOfBoundsException'> (0x00000000f0af9410) thrown at [C:\re\workspace\8-2-build-windows-amd64-cygwin\jdk8u161\10277\hotspot\src\share\vm\runtime\sharedRuntime.cpp, line 605]
Event: 81.516 Thread 0x000000001bd5d000 Exception <a 'java/lang/ClassNotFoundException': java/lang/reflect/ModifierBeanInfo> (0x00000000f0fbcdc0) thrown at [C:\re\workspace\8-2-build-windows-amd64-cygwin\jdk8u161\10277\hotspot\src\share\vm\classfile\systemDictionary.cpp, line 210]
Event: 81.516 Thread 0x000000001bd5d000 Exception <a 'java/lang/ClassNotFoundException': java/lang/reflect/ModifierCustomizer> (0x00000000f0fcbf88) thrown at [C:\re\workspace\8-2-build-windows-amd64-cygwin\jdk8u161\10277\hotspot\src\share\vm\classfile\systemDictionary.cpp, line 210]

Events (10 events):
Event: 82.528 loading class org/springsource/loaded/__DynamicallyDispatchable
Event: 82.528 loading class org/springsource/loaded/__DynamicallyDispatchable done
Event: 82.529 loading class com/sun/beans/finder/PropertyEditorFinder
Event: 82.529 loading class com/sun/beans/finder/PropertyEditorFinder done
Event: 82.530 loading class org/springframework/util/ConcurrentReferenceHashMap$2
Event: 82.530 loading class org/springframework/util/ConcurrentReferenceHashMap$2 done
Event: 82.536 loading class sl/org/objectweb/asm/tree/AnnotationNode
Event: 82.536 loading class sl/org/objectweb/asm/tree/AnnotationNode done
Event: 82.547 loading class org/springsource/loaded/ExecutorBuilder$ExecutorBuilderVisitor$CopyingAnnotationVisitor
Event: 82.547 loading class org/springsource/loaded/ExecutorBuilder$ExecutorBuilderVisitor$CopyingAnnotationVisitor done


Dynamic libraries:
0x00007ff6a59d0000 - 0x00007ff6a5a07000 	C:\Program Files\Java\jdk1.8.0_161\bin\java.exe
0x00007ffd98550000 - 0x00007ffd98730000 	C:\WINDOWS\SYSTEM32\ntdll.dll
0x00007ffd96030000 - 0x00007ffd960de000 	C:\WINDOWS\System32\KERNEL32.DLL
0x00007ffd94af0000 - 0x00007ffd94d56000 	C:\WINDOWS\System32\KERNELBASE.dll
0x00007ffd95af0000 - 0x00007ffd95b91000 	C:\WINDOWS\System32\ADVAPI32.dll
0x00007ffd96170000 - 0x00007ffd9620d000 	C:\WINDOWS\System32\msvcrt.dll
0x00007ffd98100000 - 0x00007ffd9815b000 	C:\WINDOWS\System32\sechost.dll
0x00007ffd98370000 - 0x00007ffd9848f000 	C:\WINDOWS\System32\RPCRT4.dll
0x00007ffd97db0000 - 0x00007ffd97f3f000 	C:\WINDOWS\System32\USER32.dll
0x00007ffd94d60000 - 0x00007ffd94d80000 	C:\WINDOWS\System32\win32u.dll
0x00007ffd98490000 - 0x00007ffd984b8000 	C:\WINDOWS\System32\GDI32.dll
0x00007ffd94950000 - 0x00007ffd94ae3000 	C:\WINDOWS\System32\gdi32full.dll
0x00007ffd951b0000 - 0x00007ffd9524b000 	C:\WINDOWS\System32\msvcp_win.dll
0x00007ffd950b0000 - 0x00007ffd951a6000 	C:\WINDOWS\System32\ucrtbase.dll
0x00007ffd8e750000 - 0x00007ffd8e9b9000 	C:\WINDOWS\WinSxS\amd64_microsoft.windows.common-controls_6595b64144ccf1df_6.0.16299.125_none_15cbcf8893620c09\COMCTL32.dll
0x00007ffd95c70000 - 0x00007ffd95f78000 	C:\WINDOWS\System32\combase.dll
0x00007ffd959a0000 - 0x00007ffd95a12000 	C:\WINDOWS\System32\bcryptPrimitives.dll
0x00007ffd98230000 - 0x00007ffd9825d000 	C:\WINDOWS\System32\IMM32.DLL
0x0000000061920000 - 0x00000000619f2000 	C:\Program Files\Java\jdk1.8.0_161\jre\bin\msvcr100.dll
0x0000000061080000 - 0x000000006191f000 	C:\Program Files\Java\jdk1.8.0_161\jre\bin\server\jvm.dll
0x00007ffd96020000 - 0x00007ffd96028000 	C:\WINDOWS\System32\PSAPI.DLL
0x00007ffd93aa0000 - 0x00007ffd93aaa000 	C:\WINDOWS\SYSTEM32\VERSION.dll
0x00007ffd923f0000 - 0x00007ffd923f9000 	C:\WINDOWS\SYSTEM32\WSOCK32.dll
0x00007ffd92670000 - 0x00007ffd92693000 	C:\WINDOWS\SYSTEM32\WINMM.dll
0x00007ffd98090000 - 0x00007ffd980fc000 	C:\WINDOWS\System32\WS2_32.dll
0x00007ffd92610000 - 0x00007ffd9263a000 	C:\WINDOWS\SYSTEM32\WINMMBASE.dll
0x00007ffd94e30000 - 0x00007ffd94e7a000 	C:\WINDOWS\System32\cfgmgr32.dll
0x0000000061070000 - 0x000000006107f000 	C:\Program Files\Java\jdk1.8.0_161\jre\bin\verify.dll
0x0000000061040000 - 0x0000000061069000 	C:\Program Files\Java\jdk1.8.0_161\jre\bin\java.dll
0x0000000060860000 - 0x0000000060883000 	C:\Program Files\Java\jdk1.8.0_161\jre\bin\instrument.dll
0x0000000061020000 - 0x0000000061036000 	C:\Program Files\Java\jdk1.8.0_161\jre\bin\zip.dll
0x00007ffd96970000 - 0x00007ffd97da6000 	C:\WINDOWS\System32\SHELL32.dll
0x00007ffd95ba0000 - 0x00007ffd95c46000 	C:\WINDOWS\System32\shcore.dll
0x00007ffd95250000 - 0x00007ffd95997000 	C:\WINDOWS\System32\windows.storage.dll
0x00007ffd98160000 - 0x00007ffd981b1000 	C:\WINDOWS\System32\shlwapi.dll
0x00007ffd948e0000 - 0x00007ffd948f1000 	C:\WINDOWS\System32\kernel.appcore.dll
0x00007ffd94900000 - 0x00007ffd9494c000 	C:\WINDOWS\System32\powrprof.dll
0x00007ffd948c0000 - 0x00007ffd948db000 	C:\WINDOWS\System32\profapi.dll
0x0000000060940000 - 0x000000006095a000 	C:\Program Files\Java\jdk1.8.0_161\jre\bin\net.dll
0x00007ffd94130000 - 0x00007ffd94196000 	C:\WINDOWS\system32\mswsock.dll
0x00007ffd8e6b0000 - 0x00007ffd8e6c6000 	C:\WINDOWS\system32\napinsp.dll
0x00007ffd88f80000 - 0x00007ffd88f9a000 	C:\WINDOWS\system32\pnrpnsp.dll
0x00007ffd91ea0000 - 0x00007ffd91eb8000 	C:\WINDOWS\system32\NLAapi.dll
0x00007ffd93f00000 - 0x00007ffd93fb6000 	C:\WINDOWS\SYSTEM32\DNSAPI.dll
0x00007ffd98220000 - 0x00007ffd98228000 	C:\WINDOWS\System32\NSI.dll
0x00007ffd93ec0000 - 0x00007ffd93ef9000 	C:\WINDOWS\SYSTEM32\IPHLPAPI.DLL
0x00007ffd8e6d0000 - 0x00007ffd8e6de000 	C:\WINDOWS\System32\winrnr.dll
0x00007ffd898e0000 - 0x00007ffd898ea000 	C:\Windows\System32\rasadhlp.dll
0x00007ffd90b40000 - 0x00007ffd90bb0000 	C:\WINDOWS\System32\fwpuclnt.dll
0x00007ffd94400000 - 0x00007ffd94425000 	C:\WINDOWS\SYSTEM32\bcrypt.dll
0x0000000061010000 - 0x000000006101d000 	C:\Program Files\Java\jdk1.8.0_161\jre\bin\management.dll
0x00000000608c0000 - 0x00000000608d1000 	C:\Program Files\Java\jdk1.8.0_161\jre\bin\nio.dll
0x00007ffd942f0000 - 0x00007ffd94307000 	C:\WINDOWS\SYSTEM32\CRYPTSP.dll
0x00007ffd93d40000 - 0x00007ffd93d73000 	C:\WINDOWS\system32\rsaenh.dll
0x00007ffd947d0000 - 0x00007ffd947f9000 	C:\WINDOWS\SYSTEM32\USERENV.dll
0x00007ffd94310000 - 0x00007ffd9431b000 	C:\WINDOWS\SYSTEM32\CRYPTBASE.dll
0x00007ffd90930000 - 0x00007ffd90946000 	C:\WINDOWS\SYSTEM32\dhcpcsvc6.DLL
0x00007ffd908c0000 - 0x00007ffd908da000 	C:\WINDOWS\SYSTEM32\dhcpcsvc.DLL
0x0000000060890000 - 0x00000000608b4000 	C:\Program Files\Java\jdk1.8.0_161\jre\bin\sunec.dll
0x0000000060930000 - 0x000000006093b000 	C:\Program Files\Java\jdk1.8.0_161\jre\bin\sunmscapi.dll
0x00007ffd94ee0000 - 0x00007ffd950ae000 	C:\WINDOWS\System32\CRYPT32.dll
0x00007ffd948a0000 - 0x00007ffd948b2000 	C:\WINDOWS\System32\MSASN1.dll
0x00007ffd85ca0000 - 0x00007ffd85e68000 	C:\WINDOWS\SYSTEM32\dbghelp.dll

VM Arguments:
jvm_args: -Dendpoints.shutdown.enabled=true -Denv=development -Dfull.stacktrace=false -Dgrails.env=development -Dgrails.full.stacktrace=false -Dinfo.app.grailsVersion=3.3.4 -Dinfo.app.name=inventario -Dinfo.app.version=0.1 -Djdk.reflect.allowGetCallerClass=true -Drun.active=true -Dspring.output.ansi.enabled=always -Dspringloaded=inclusions=grails.plugins..*;synchronize=true;allowSplitPackages=true;cacheDir=C:\Users\eliangonzalez\IdeaProjects\inventario\build\springloaded -Dverbose=false -XX:+TieredCompilation -XX:TieredStopAtLevel=1 -XX:CICompilerCount=3 -javaagent:C:\Users\eliangonzalez\.gradle\caches\modules-2\files-2.1\org.springframework\springloaded\1.2.8.RELEASE\b60bac05b0451cdc1863bfec617f39aa0dcaaa43\springloaded-1.2.8.RELEASE.jar -Xverify:none -Xms768m -Xmx768m -Dfile.encoding=UTF-8 -Duser.country=ES -Duser.language=es -Duser.variant 
java_command: inventario.Application
java_class_path (initial): C:\Users\eliangonzalez\IdeaProjects\inventario\src\main\resources;C:\Users\eliangonzalez\IdeaProjects\inventario\grails-app\views;C:\Users\eliangonzalez\IdeaProjects\inventario\grails-app\i18n;C:\Users\eliangonzalez\IdeaProjects\inventario\grails-app\conf;C:\Users\eliangonzalez\IdeaProjects\inventario\build\classes\main;C:\Users\eliangonzalez\IdeaProjects\inventario\build\resources\main;C:\Users\eliangonzalez\IdeaProjects\inventario\gsp-classes;C:\Users\eliangonzalez\.gradle\caches\modules-2\files-2.1\org.springframework.boot\spring-boot-starter-logging\1.5.10.RELEASE\62c73688208b3173645d6701fc3eb95ca657e6c8\spring-boot-starter-logging-1.5.10.RELEASE.jar;C:\Users\eliangonzalez\.gradle\caches\modules-2\files-2.1\org.springframework.boot\spring-boot-autoconfigure\1.5.10.RELEASE\be96efab0d35181f18c486b0ec8d6a41a7042fce\spring-boot-autoconfigure-1.5.10.RELEASE.jar;C:\Users\eliangonzalez\.gradle\caches\modules-2\files-2.1\org.grails\grails-core\3.3.4\24312c75b8e83f128db0b2934063a3c69eb86193\grails-core-3.3.4.jar;C:\Users\eliangonzalez\.gradle\caches\modules-2\files-2.1\org.springframework.boot\spring-boot-starter-actuator\1.5.10.RELEASE\64cfc9842b6b608b132ff258934db9045733f678\spring-boot-starter-actuator-1.5.10.RELEASE.jar;C:\Users\eliangonzalez\.gradle\caches\modules-2\files-2.1\org.springframework.boot\spring-boot-starter-tomcat\1.5.10.RELEASE\11e474e265f1c68fc435dddbac42ab3574b5e4b6\spring-boot-starter-tomcat-1.5.10.RELEASE.jar;C:\Users\eliangonzalez\.gradle\caches\modules-2\files-2.1\org.grails\grails-web-boot\3.3.4\2742514d04b77436b5d7355e654cd00670b76bb2\grails-web-boot-3.3.4.jar;C:\Users\eliangonzalez\.gradle\caches\modules-2\files-2.1\org.grails\grails-logging\3.3.4\681b20afc472a613c2d6aae00bd7e61b8d6ba54c\grails-logging-3.3.4.jar;C:\Users\eliangonzalez\.gradle\caches\modules-2\files-2.1\org.grails\grails-plugin-rest\3.3.4\17ddb1cd3873465ff6187715086bb63fa58b06e0\grails-plugin-rest-3.3.4.jar;C:\Users\eliangonzalez\.gradle\caches\modu
Launcher Type: SUN_STANDARD

Environment Variables:
JAVA_HOME=C:\Program Files (x86)\Java\jdk1.8.0_161
PATH=C:\WINDOWS\system32;C:\WINDOWS;C:\WINDOWS\System32\Wbem;C:\WINDOWS\System32\WindowsPowerShell\v1.0\;C:\Program Files (x86)\Windows Kits\8.1\Windows Performance Toolkit\;C:\Program Files\Microsoft SQL Server\110\Tools\Binn\;C:\Program Files\Microsoft SQL Server\110\DTS\Binn\;C:\Program Files (x86)\Microsoft SQL Server\110\Tools\Binn\ManagementStudio\;C:\Program Files (x86)\Microsoft SQL Server\110\Tools\Binn\;C:\Program Files (x86)\Microsoft Visual Studio 10.0\Common7\IDE\PrivateAssemblies\;C:\Program Files (x86)\Microsoft SQL Server\110\DTS\Binn\;C:\Program Files\Microsoft SQL Server\Client SDK\ODBC\130\Tools\Binn\;C:\Program Files (x86)\Microsoft SQL Server\140\Tools\Binn\;C:\Program Files\Microsoft SQL Server\140\Tools\Binn\;C:\Program Files\Microsoft SQL Server\140\DTS\Binn\;C:\Program Files (x86)\Microsoft SQL Server\Client SDK\ODBC\130\Tools\Binn\;C:\Program Files (x86)\Microsoft SQL Server\140\DTS\Binn\;C:\Program Files (x86)\Microsoft SQL Server\140\Tools\Binn\ManagementStudio\;C:\Program Files (x86)\Java\jdk1.8.0_161\bin;C:\Program Files (x86)\Grails\bin;C:\Users\eliangonzalez\AppData\Local\Microsoft\WindowsApps;
USERNAME=ElianGonzalez
OS=Windows_NT
PROCESSOR_IDENTIFIER=Intel64 Family 6 Model 60 Stepping 3, GenuineIntel



---------------  S Y S T E M  ---------------

OS: Windows 10.0 , 64 bit Build 16299 (10.0.16299.15)

CPU:total 4 (initial active 4) (4 cores per cpu, 1 threads per core) family 6 model 60 stepping 3, cmov, cx8, fxsr, mmx, sse, sse2, sse3, ssse3, sse4.1, sse4.2, popcnt, avx, avx2, aes, clmul, erms, lzcnt, tsc, tscinvbit, bmi1, bmi2

Memory: 4k page, physical 8331288k(1297328k free), swap 19865624k(4577344k free)

vm_info: Java HotSpot(TM) 64-Bit Server VM (25.161-b12) for windows-amd64 JRE (1.8.0_161-b12), built on Dec 19 2017 17:52:25 by "java_re" with MS VC++ 10.0 (VS2010)

time: Thu Jul 12 13:43:59 2018
elapsed time: 82 seconds (0d 0h 1m 22s)

